<?xml version="1.0" encoding="UTF-8"?>
<!-- Generated by org.testng.reporters.JUnitXMLReporter -->
<testsuite ignored="0" hostname="DESKTOP-M4BKM5J" failures="0" tests="6" name="Default test" time="22.885" errors="0" timestamp="2024-07-11T02:09:47 CST">
  <testcase classname="employeeTestCase.getAllEmployees" name="checkResponseBody" time="0.048"/>
  <testcase classname="employeeTestCase.getAllEmployees" name="checkStatusCode" time="0.002"/>
  <testcase classname="employeeTestCase.getAllEmployees" name="checkResponseTime" time="0.004"/>
  <testcase classname="employeeTestCase.getAllEmployees" name="checkStatusLine" time="0.002"/>
  <testcase classname="employeeTestCase.getAllEmployees" name="checkContentType" time="0.001"/>
  <testcase classname="employeeTestCase.getAllEmployees" name="checkServerType" time="0.001"/>
</testsuite> <!-- Default test -->
