<?xml version="1.0" encoding="UTF-8"?>
<!-- Generated by org.testng.reporters.JUnitXMLReporter -->
<testsuite ignored="0" hostname="DESKTOP-M4BKM5J" failures="0" tests="12" name="FreeCRM Automation Testing Suite" time="26.085" errors="0" timestamp="2024-07-11T02:25:02 CST">
  <testcase classname="BookTest.Book_GET_Request" name="getBookInfo" time="1.759"/>
  <testcase classname="BookTest.GET_Validating_JSON_Response" name="getResponseBody" time="0.942"/>
  <testcase classname="BookTest.post_Book" name="postBookToUser" time="0.409"/>
  <testcase classname="BookTest.Print_All_Headers" name="printHeaders" time="0.381"/>
  <testcase classname="BookTest.Validate_header" name="verifyHeaders" time="0.368"/>
  <testcase classname="employeeTestCase.AddNewEmployee" name="addEmployee" time="0.513"/>
  <testcase classname="employeeTestCase.getAllEmployees" name="checkResponseBody" time="0.093"/>
  <testcase classname="employeeTestCase.getAllEmployees" name="checkStatusCode" time="0.002"/>
  <testcase classname="employeeTestCase.getAllEmployees" name="checkResponseTime" time="0.003"/>
  <testcase classname="employeeTestCase.getAllEmployees" name="checkStatusLine" time="0.001"/>
  <testcase classname="employeeTestCase.getAllEmployees" name="checkContentType" time="0.001"/>
  <testcase classname="employeeTestCase.getAllEmployees" name="checkServerType" time="0.001"/>
</testsuite> <!-- FreeCRM Automation Testing Suite -->
