<?xml version="1.0" encoding="UTF-8"?>
<testng-results ignored="0" total="12" passed="12" failed="0" skipped="0">
  <reporter-output>
  </reporter-output>
  <suite started-at="2024-07-11T02:24:36 CST" name="Rest Assured API Testing Suite" finished-at="2024-07-11T02:25:02 CST" duration-ms="26085">
    <groups>
    </groups>
    <test started-at="2024-07-11T02:24:36 CST" name="FreeCRM Automation Testing Suite" finished-at="2024-07-11T02:25:02 CST" duration-ms="26085">
      <class name="employeeTestCase.getAllEmployees">
        <test-method is-config="true" signature="setup()[pri:0, instance:employeeTestCase.getAllEmployees@26d9b808]" started-at="2024-07-11T02:24:41 CST" name="setup" finished-at="2024-07-11T02:24:41 CST" duration-ms="51" status="PASS">
          <reporter-output>
          </reporter-output>
        </test-method> <!-- setup -->
        <test-method is-config="true" signature="getallemployees()[pri:0, instance:employeeTestCase.getAllEmployees@26d9b808]" started-at="2024-07-11T02:24:41 CST" name="getallemployees" finished-at="2024-07-11T02:24:44 CST" duration-ms="3534" status="PASS">
          <reporter-output>
          </reporter-output>
        </test-method> <!-- getallemployees -->
        <test-method signature="checkResponseBody()[pri:1, instance:employeeTestCase.getAllEmployees@26d9b808]" started-at="2024-07-11T02:24:44 CST" name="checkResponseBody" finished-at="2024-07-11T02:24:44 CST" duration-ms="93" status="PASS">
          <reporter-output>
          </reporter-output>
        </test-method> <!-- checkResponseBody -->
        <test-method is-config="true" signature="getallemployees()[pri:0, instance:employeeTestCase.getAllEmployees@26d9b808]" started-at="2024-07-11T02:24:44 CST" name="getallemployees" finished-at="2024-07-11T02:24:48 CST" duration-ms="3625" status="PASS">
          <reporter-output>
          </reporter-output>
        </test-method> <!-- getallemployees -->
        <test-method signature="checkStatusCode()[pri:2, instance:employeeTestCase.getAllEmployees@26d9b808]" started-at="2024-07-11T02:24:48 CST" name="checkStatusCode" finished-at="2024-07-11T02:24:48 CST" duration-ms="2" status="PASS">
          <reporter-output>
          </reporter-output>
        </test-method> <!-- checkStatusCode -->
        <test-method is-config="true" signature="getallemployees()[pri:0, instance:employeeTestCase.getAllEmployees@26d9b808]" started-at="2024-07-11T02:24:48 CST" name="getallemployees" finished-at="2024-07-11T02:24:51 CST" duration-ms="3584" status="PASS">
          <reporter-output>
          </reporter-output>
        </test-method> <!-- getallemployees -->
        <test-method signature="checkResponseTime()[pri:3, instance:employeeTestCase.getAllEmployees@26d9b808]" started-at="2024-07-11T02:24:51 CST" name="checkResponseTime" finished-at="2024-07-11T02:24:51 CST" duration-ms="3" status="PASS">
          <reporter-output>
          </reporter-output>
        </test-method> <!-- checkResponseTime -->
        <test-method is-config="true" signature="getallemployees()[pri:0, instance:employeeTestCase.getAllEmployees@26d9b808]" started-at="2024-07-11T02:24:51 CST" name="getallemployees" finished-at="2024-07-11T02:24:55 CST" duration-ms="3564" status="PASS">
          <reporter-output>
          </reporter-output>
        </test-method> <!-- getallemployees -->
        <test-method signature="checkStatusLine()[pri:4, instance:employeeTestCase.getAllEmployees@26d9b808]" started-at="2024-07-11T02:24:55 CST" name="checkStatusLine" finished-at="2024-07-11T02:24:55 CST" duration-ms="1" status="PASS">
          <reporter-output>
          </reporter-output>
        </test-method> <!-- checkStatusLine -->
        <test-method is-config="true" signature="getallemployees()[pri:0, instance:employeeTestCase.getAllEmployees@26d9b808]" started-at="2024-07-11T02:24:55 CST" name="getallemployees" finished-at="2024-07-11T02:24:59 CST" duration-ms="3525" status="PASS">
          <reporter-output>
          </reporter-output>
        </test-method> <!-- getallemployees -->
        <test-method signature="checkContentType()[pri:5, instance:employeeTestCase.getAllEmployees@26d9b808]" started-at="2024-07-11T02:24:59 CST" name="checkContentType" finished-at="2024-07-11T02:24:59 CST" duration-ms="1" status="PASS">
          <reporter-output>
          </reporter-output>
        </test-method> <!-- checkContentType -->
        <test-method is-config="true" signature="getallemployees()[pri:0, instance:employeeTestCase.getAllEmployees@26d9b808]" started-at="2024-07-11T02:24:59 CST" name="getallemployees" finished-at="2024-07-11T02:25:02 CST" duration-ms="3670" status="PASS">
          <reporter-output>
          </reporter-output>
        </test-method> <!-- getallemployees -->
        <test-method signature="checkServerType()[pri:6, instance:employeeTestCase.getAllEmployees@26d9b808]" started-at="2024-07-11T02:25:02 CST" name="checkServerType" finished-at="2024-07-11T02:25:02 CST" duration-ms="1" status="PASS">
          <reporter-output>
          </reporter-output>
        </test-method> <!-- checkServerType -->
      </class> <!-- employeeTestCase.getAllEmployees -->
      <class name="BookTest.Validate_header">
        <test-method signature="verifyHeaders()[pri:0, instance:BookTest.Validate_header@2d52216b]" started-at="2024-07-11T02:24:40 CST" name="verifyHeaders" finished-at="2024-07-11T02:24:40 CST" duration-ms="368" status="PASS">
          <reporter-output>
          </reporter-output>
        </test-method> <!-- verifyHeaders -->
      </class> <!-- BookTest.Validate_header -->
      <class name="BookTest.Print_All_Headers">
        <test-method signature="printHeaders()[pri:0, instance:BookTest.Print_All_Headers@771a660]" started-at="2024-07-11T02:24:39 CST" name="printHeaders" finished-at="2024-07-11T02:24:40 CST" duration-ms="381" status="PASS">
          <reporter-output>
          </reporter-output>
        </test-method> <!-- printHeaders -->
      </class> <!-- BookTest.Print_All_Headers -->
      <class name="employeeTestCase.AddNewEmployee">
        <test-method signature="addEmployee()[pri:0, instance:employeeTestCase.AddNewEmployee@4d5650ae]" started-at="2024-07-11T02:24:40 CST" name="addEmployee" finished-at="2024-07-11T02:24:41 CST" duration-ms="513" status="PASS">
          <reporter-output>
          </reporter-output>
        </test-method> <!-- addEmployee -->
      </class> <!-- employeeTestCase.AddNewEmployee -->
      <class name="BookTest.post_Book">
        <test-method signature="postBookToUser()[pri:0, instance:BookTest.post_Book@73e9cf30]" started-at="2024-07-11T02:24:39 CST" name="postBookToUser" finished-at="2024-07-11T02:24:39 CST" duration-ms="409" status="PASS">
          <reporter-output>
          </reporter-output>
        </test-method> <!-- postBookToUser -->
      </class> <!-- BookTest.post_Book -->
      <class name="BookTest.Book_GET_Request">
        <test-method signature="getBookInfo()[pri:0, instance:BookTest.Book_GET_Request@d9345cd]" started-at="2024-07-11T02:24:36 CST" name="getBookInfo" finished-at="2024-07-11T02:24:38 CST" duration-ms="1759" status="PASS">
          <reporter-output>
          </reporter-output>
        </test-method> <!-- getBookInfo -->
      </class> <!-- BookTest.Book_GET_Request -->
      <class name="BookTest.GET_Validating_JSON_Response">
        <test-method signature="getResponseBody()[pri:0, instance:BookTest.GET_Validating_JSON_Response@272113c4]" started-at="2024-07-11T02:24:38 CST" name="getResponseBody" finished-at="2024-07-11T02:24:39 CST" duration-ms="942" status="PASS">
          <reporter-output>
          </reporter-output>
        </test-method> <!-- getResponseBody -->
      </class> <!-- BookTest.GET_Validating_JSON_Response -->
    </test> <!-- FreeCRM Automation Testing Suite -->
  </suite> <!-- Rest Assured API Testing Suite -->
</testng-results>
